<?xml version="1.0" encoding="UTF-8"?>
<!-- Generated by org.testng.reporters.JUnitReportReporter -->
<testsuite hostname="mindc1d141" failures="0" tests="11" name="com.mindtree.runner.NoBroker" time="201.818" errors="1" timestamp="2022-06-05T10:52:06 GMT-07:00" skipped="0">
  <testcase classname="com.mindtree.runner.NoBroker" name="runScenario" time="23.039"/>
  <testcase classname="com.mindtree.runner.NoBroker" name="runScenario" time="22.267"/>
  <testcase classname="com.mindtree.runner.NoBroker" name="runScenario" time="23.234"/>
  <testcase classname="com.mindtree.runner.NoBroker" name="runScenario" time="11.100"/>
  <testcase classname="com.mindtree.runner.NoBroker" name="runScenario" time="20.326"/>
  <testcase classname="com.mindtree.runner.NoBroker" name="runScenario" time="17.564">
    <error message="element click intercepted: Element &lt;a class=&quot;nb__3Tx_U nb__2jlgw&quot;&gt;...&lt;/a&gt; is not clickable at point (1210, 394). Other element would receive the click: &lt;iframe frameborder=&quot;0&quot; style=&quot;background-color: transparent; vertical-align: text-bottom; position: relative; width: 100%; height: 100%; min-width: 100%; min-height: 100%; max-width: 100%; max-height: 100%; margin: 0px; overflow: hidden; display: block;&quot; src=&quot;about:blank&quot; data-test-id=&quot;ChatWidgetWindow-iframe&quot; title=&quot;Zendesk Chat widget window&quot;&gt;&lt;/iframe&gt;
  (Session info: chrome=102.0.5005.63)
Build info: version: &#039;3.141.5&#039;, revision: &#039;d54ebd709a&#039;, time: &#039;2018-11-06T11:42:16&#039;
System info: host: &#039;MINDC1D141&#039;, ip: &#039;172.16.19.252&#039;, os.name: &#039;Windows 10&#039;, os.arch: &#039;amd64&#039;, os.version: &#039;10.0&#039;, java.version: &#039;17.0.2&#039;
Driver info: org.openqa.selenium.chrome.ChromeDriver
Capabilities {acceptInsecureCerts: false, browserName: chrome, browserVersion: 102.0.5005.63, chrome: {chromedriverVersion: 101.0.4951.41 (93c720db8323..., userDataDir: C:\Users\MINDSD~1\AppData\L...}, goog:chromeOptions: {debuggerAddress: localhost:50481}, javascriptEnabled: true, networkConnectionEnabled: false, pageLoadStrategy: normal, platform: WINDOWS, platformName: WINDOWS, proxy: Proxy(), setWindowRect: true, strictFileInteractability: false, timeouts: {implicit: 0, pageLoad: 300000, script: 30000}, unhandledPromptBehavior: dismiss and notify, webauthn:extension:credBlob: true, webauthn:extension:largeBlob: true, webauthn:virtualAuthenticators: true}
Session ID: 4cb2fca00384dd4c3b89baf285fed40a" type="org.openqa.selenium.ElementClickInterceptedException">
      <![CDATA[org.openqa.selenium.ElementClickInterceptedException: element click intercepted: Element <a class="nb__3Tx_U nb__2jlgw">...</a> is not clickable at point (1210, 394). Other element would receive the click: <iframe frameborder="0" style="background-color: transparent; vertical-align: text-bottom; position: relative; width: 100%; height: 100%; min-width: 100%; min-height: 100%; max-width: 100%; max-height: 100%; margin: 0px; overflow: hidden; display: block;" src="about:blank" data-test-id="ChatWidgetWindow-iframe" title="Zendesk Chat widget window"></iframe>
  (Session info: chrome=102.0.5005.63)
Build info: version: '3.141.5', revision: 'd54ebd709a', time: '2018-11-06T11:42:16'
System info: host: 'MINDC1D141', ip: '172.16.19.252', os.name: 'Windows 10', os.arch: 'amd64', os.version: '10.0', java.version: '17.0.2'
Driver info: org.openqa.selenium.chrome.ChromeDriver
Capabilities {acceptInsecureCerts: false, browserName: chrome, browserVersion: 102.0.5005.63, chrome: {chromedriverVersion: 101.0.4951.41 (93c720db8323..., userDataDir: C:\Users\MINDSD~1\AppData\L...}, goog:chromeOptions: {debuggerAddress: localhost:50481}, javascriptEnabled: true, networkConnectionEnabled: false, pageLoadStrategy: normal, platform: WINDOWS, platformName: WINDOWS, proxy: Proxy(), setWindowRect: true, strictFileInteractability: false, timeouts: {implicit: 0, pageLoad: 300000, script: 30000}, unhandledPromptBehavior: dismiss and notify, webauthn:extension:credBlob: true, webauthn:extension:largeBlob: true, webauthn:virtualAuthenticators: true}
Session ID: 4cb2fca00384dd4c3b89baf285fed40a
at java.base/jdk.internal.reflect.NativeConstructorAccessorImpl.newInstance0(Native Method)
at java.base/jdk.internal.reflect.NativeConstructorAccessorImpl.newInstance(NativeConstructorAccessorImpl.java:77)
at java.base/jdk.internal.reflect.DelegatingConstructorAccessorImpl.newInstance(DelegatingConstructorAccessorImpl.java:45)
at java.base/java.lang.reflect.Constructor.newInstanceWithCaller(Constructor.java:499)
at java.base/java.lang.reflect.Constructor.newInstance(Constructor.java:480)
at org.openqa.selenium.remote.http.W3CHttpResponseCodec.createException(W3CHttpResponseCodec.java:187)
at org.openqa.selenium.remote.http.W3CHttpResponseCodec.decode(W3CHttpResponseCodec.java:122)
at org.openqa.selenium.remote.http.W3CHttpResponseCodec.decode(W3CHttpResponseCodec.java:49)
at org.openqa.selenium.remote.HttpCommandExecutor.execute(HttpCommandExecutor.java:158)
at org.openqa.selenium.remote.service.DriverCommandExecutor.execute(DriverCommandExecutor.java:83)
at org.openqa.selenium.remote.RemoteWebDriver.execute(RemoteWebDriver.java:552)
at org.openqa.selenium.remote.RemoteWebElement.execute(RemoteWebElement.java:285)
at org.openqa.selenium.remote.RemoteWebElement.click(RemoteWebElement.java:84)
at com.mindtree.stepdefinitions.CareerPageSD.click_on_career(CareerPageSD.java:42)
at ✽.Click on Career(file:///C:/Users/mindsdet359/Downloads/CA_NoBroker_BDD_Cucumber/./Features/07CareerPage.feature:7)
]]>
    </error>
  </testcase> <!-- runScenario -->
  <testcase classname="com.mindtree.runner.NoBroker" name="runScenario" time="23.399"/>
  <testcase classname="com.mindtree.runner.NoBroker" name="runScenario" time="16.425"/>
  <testcase classname="com.mindtree.runner.NoBroker" name="runScenario" time="24.740"/>
  <testcase classname="com.mindtree.runner.NoBroker" name="runScenario" time="10.899"/>
  <testcase classname="com.mindtree.runner.NoBroker" name="runScenario" time="8.825"/>
</testsuite> <!-- com.mindtree.runner.NoBroker -->
